<?xml version="1.0" encoding="UTF-8"?>
<!-- Generated by org.testng.reporters.JUnitXMLReporter -->
<testsuite ignored="0" hostname="WL-MS-743" failures="0" tests="6" name="Default test" time="7.388" errors="0" timestamp="2025-01-31T22:18:48 IST">
  <testcase classname="com.api.testing.e2eAutomation" name="createAuser" time="2.589"/>
  <testcase classname="com.api.testing.e2eAutomation" name="verifyIfUserisCreated" time="1.039"/>
  <testcase classname="com.api.testing.e2eAutomation" name="updateTheCreatedUser" time="0.709"/>
  <testcase classname="com.api.testing.e2eAutomation" name="verifyIfUserisUpdated" time="0.965"/>
  <testcase classname="com.api.testing.e2eAutomation" name="deleteTheCreatedUser" time="0.979"/>
  <testcase classname="com.api.testing.e2eAutomation" name="verifyIfUserisDeleted" time="0.999"/>
</testsuite> <!-- Default test -->
