<?xml version="1.0" encoding="UTF-8"?>
<!-- Generated by org.testng.reporters.JUnitXMLReporter -->
<testsuite ignored="0" hostname="WL-MS-743" failures="0" tests="6" name="Test" time="6.675" errors="0" timestamp="2025-01-31T22:33:36 IST">
  <testcase classname="com.api.testing.e2eAutomation" name="createAuser" time="2.645"/>
  <testcase classname="com.api.testing.e2eAutomation" name="verifyIfUserisCreated" time="0.784"/>
  <testcase classname="com.api.testing.e2eAutomation" name="updateTheCreatedUser" time="1.125"/>
  <testcase classname="com.api.testing.e2eAutomation" name="verifyIfUserisUpdated" time="0.44"/>
  <testcase classname="com.api.testing.e2eAutomation" name="deleteTheCreatedUser" time="0.566"/>
  <testcase classname="com.api.testing.e2eAutomation" name="verifyIfUserisDeleted" time="1.002"/>
</testsuite> <!-- Test -->
